# JRE version: Java(TM) SE Runtime Environment (8.0_111-b14) (build 1.8.0_111-b14)
# Java VM: Java HotSpot(TM) 64-Bit Server VM (25.111-b14 mixed mode windows-amd64 compressed oops)
Heap:
 PSYoungGen      total 24064K, used 16365K [0x00000000e5580000, 0x00000000e8480000, 0x0000000100000000)
  eden space 20992K, 63% used [0x00000000e5580000,0x00000000e627ea38,0x00000000e6a00000)
  from space 3072K, 99% used [0x00000000e6d00000,0x00000000e6ffcd68,0x00000000e7000000)
  to   space 3072K, 0% used [0x00000000e6a00000,0x00000000e6a00000,0x00000000e6d00000)
 ParOldGen       total 54784K, used 990K [0x00000000b0000000, 0x00000000b3580000, 0x00000000e5580000)
  object space 54784K, 1% used [0x00000000b0000000,0x00000000b00f7838,0x00000000b3580000)
 Metaspace       used 15694K, capacity 15876K, committed 16128K, reserved 1062912K
  class space    used 1629K, capacity 1694K, committed 1792K, reserved 1048576K
GC Heap History (4 events):
Event: 1.142 GC heap before
{Heap before GC invocations=1 (full 0):
 PSYoungGen      total 24064K, used 20992K [0x00000000e5580000, 0x00000000e7000000, 0x0000000100000000)
  eden space 20992K, 100% used [0x00000000e5580000,0x00000000e6a00000,0x00000000e6a00000)
  from space 3072K, 0% used [0x00000000e6d00000,0x00000000e6d00000,0x00000000e7000000)
  to   space 3072K, 0% used [0x00000000e6a00000,0x00000000e6a00000,0x00000000e6d00000)
 ParOldGen       total 54784K, used 0K [0x00000000b0000000, 0x00000000b3580000, 0x00000000e5580000)
  object space 54784K, 0% used [0x00000000b0000000,0x00000000b0000000,0x00000000b3580000)
 Metaspace       used 12617K, capacity 12780K, committed 13184K, reserved 1060864K
  class space    used 1253K, capacity 1306K, committed 1408K, reserved 1048576K
Event: 1.149 GC heap after
Heap after GC invocations=1 (full 0):
 PSYoungGen      total 24064K, used 2861K [0x00000000e5580000, 0x00000000e7000000, 0x0000000100000000)
  eden space 20992K, 0% used [0x00000000e5580000,0x00000000e5580000,0x00000000e6a00000)
  from space 3072K, 93% used [0x00000000e6a00000,0x00000000e6ccb770,0x00000000e6d00000)
  to   space 3072K, 0% used [0x00000000e6d00000,0x00000000e6d00000,0x00000000e7000000)
 ParOldGen       total 54784K, used 8K [0x00000000b0000000, 0x00000000b3580000, 0x00000000e5580000)
  object space 54784K, 0% used [0x00000000b0000000,0x00000000b0002000,0x00000000b3580000)
 Metaspace       used 12617K, capacity 12780K, committed 13184K, reserved 1060864K
  class space    used 1253K, capacity 1306K, committed 1408K, reserved 1048576K
}
Event: 2.091 GC heap before
{Heap before GC invocations=2 (full 0):
 PSYoungGen      total 24064K, used 23853K [0x00000000e5580000, 0x00000000e7000000, 0x0000000100000000)
  eden space 20992K, 100% used [0x00000000e5580000,0x00000000e6a00000,0x00000000e6a00000)
  from space 3072K, 93% used [0x00000000e6a00000,0x00000000e6ccb770,0x00000000e6d00000)
  to   space 3072K, 0% used [0x00000000e6d00000,0x00000000e6d00000,0x00000000e7000000)
 ParOldGen       total 54784K, used 8K [0x00000000b0000000, 0x00000000b3580000, 0x00000000e5580000)
  object space 54784K, 0% used [0x00000000b0000000,0x00000000b0002000,0x00000000b3580000)
 Metaspace       used 13567K, capacity 13810K, committed 14080K, reserved 1062912K
  class space    used 1342K, capacity 1435K, committed 1536K, reserved 1048576K
Event: 2.106 GC heap after
Heap after GC invocations=2 (full 0):
 PSYoungGen      total 24064K, used 3059K [0x00000000e5580000, 0x00000000e8480000, 0x0000000100000000)
  eden space 20992K, 0% used [0x00000000e5580000,0x00000000e5580000,0x00000000e6a00000)
  from space 3072K, 99% used [0x00000000e6d00000,0x00000000e6ffcd68,0x00000000e7000000)
  to   space 3072K, 0% used [0x00000000e6a00000,0x00000000e6a00000,0x00000000e6d00000)
 ParOldGen       total 54784K, used 990K [0x00000000b0000000, 0x00000000b3580000, 0x00000000e5580000)
  object space 54784K, 1% used [0x00000000b0000000,0x00000000b00f7838,0x00000000b3580000)
 Metaspace       used 13567K, capacity 13810K, committed 14080K, reserved 1062912K
  class space    used 1342K, capacity 1435K, committed 1536K, reserved 1048576K
}

